<?xml version="1.0" encoding="UTF-8"?>
<!-- Generated by org.testng.reporters.JUnitReportReporter -->
<testsuite skipped="0" hostname="kapilsurface" name="testNG_TestCases.Flight_tab_test_case" tests="1" failures="0" timestamp="30 Mar 2020 16:45:07 GMT" time="45.950" errors="0">
  <testcase name="test_flight_tab" time="45.950" classname="testNG_TestCases.Flight_tab_test_case"/>
</testsuite> <!-- testNG_TestCases.Flight_tab_test_case -->
